<?xml version="1.0" encoding="UTF-8"?>
<testsuite xmlns:xsi="http://www.w3.org/2001/XMLSchema-instance" xsi:noNamespaceSchemaLocation="https://maven.apache.org/surefire/maven-surefire-plugin/xsd/surefire-test-report.xsd" name="atv.palindromo.model.palindromoTest" time="0.034" tests="9" errors="0" skipped="0" failures="0">
  <properties>
[...]
</properties>
  <testcase name="TestePositivoTextoComCaracterEspecial" classname="atv.palindromo.model.palindromoTest" time="0.02"/>
  <testcase name="TestePositivoPalavaMinuscula" classname="atv.palindromo.model.palindromoTest" time="0"/>
  <testcase name="TestePositivoPalavraMaiusculaEMinuscula" classname="atv.palindromo.model.palindromoTest" time="0.001"/>
  <testcase name="TestePositivoTextoMaiusculaEMinuscula" classname="atv.palindromo.model.palindromoTest" time="0"/>
  <testcase name="TesteNegativoPalavaMinuscula" classname="atv.palindromo.model.palindromoTest" time="0"/>
  <testcase name="TesteNegativoTextoComCaracterEspecial" classname="atv.palindromo.model.palindromoTest" time="0"/>
  <testcase name="TestePositivoNumero" classname="atv.palindromo.model.palindromoTest" time="0"/>
  <testcase name="TestePositivoData" classname="atv.palindromo.model.palindromoTest" time="0"/>
  <testcase name="TesteNegativoPalavraMaiusculaEMinuscula" classname="atv.palindromo.model.palindromoTest" time="0"/>
</testsuite>